[2020-10-15 02:28:32,148] SEVERE {b7a.log.crash} - java.lang.IllegalArgumentException: TrustStore File /bre/security/ballerinaTruststore.p12 not found 
org.ballerinalang.jvm.util.exceptions.BallerinaException: java.lang.IllegalArgumentException: TrustStore File /bre/security/ballerinaTruststore.p12 not found
	at org.ballerinalang.test.runtime.entity.TesterinaFunction.runOnSchedule(TesterinaFunction.java:125)
	at org.ballerinalang.test.runtime.entity.TesterinaFunction.invoke(TesterinaFunction.java:56)
	at org.ballerinalang.test.runtime.BTestRunner.invokeTestFunction(BTestRunner.java:601)
	at org.ballerinalang.test.runtime.BTestRunner.executeFunction(BTestRunner.java:436)
	at org.ballerinalang.test.runtime.BTestRunner.lambda$executeTests$2(BTestRunner.java:332)
	at java.util.ArrayList.forEach(ArrayList.java:1257)
	at org.ballerinalang.test.runtime.BTestRunner.executeTests(BTestRunner.java:320)
	at org.ballerinalang.test.runtime.BTestRunner.execute(BTestRunner.java:291)
	at org.ballerinalang.test.runtime.BTestRunner.runTest(BTestRunner.java:106)
	at org.ballerinalang.test.runtime.util.TesterinaUtils.executeTests(TesterinaUtils.java:74)
	at org.ballerinalang.test.runtime.Main.startTestSuit(Main.java:60)
	at org.ballerinalang.test.runtime.Main.main(Main.java:52)
Caused by: java.lang.IllegalArgumentException: TrustStore File /bre/security/ballerinaTruststore.p12 not found
	at org.wso2.transport.http.netty.contract.config.SslConfiguration.getSSLConfigForSender(SslConfiguration.java:256)
	at org.wso2.transport.http.netty.contract.config.SslConfiguration.getClientSSLConfig(SslConfiguration.java:184)
	at org.wso2.transport.http.netty.contractimpl.DefaultHttpClientConnector.initTargetChannelProperties(DefaultHttpClientConnector.java:362)
	at org.wso2.transport.http.netty.contractimpl.DefaultHttpClientConnector.<init>(DefaultHttpClientConnector.java:88)
	at org.wso2.transport.http.netty.contractimpl.DefaultHttpWsConnectorFactory.createHttpClientConnector(DefaultHttpWsConnectorFactory.java:154)
	at org.ballerinalang.net.http.clientendpoint.CreateSimpleHttpClient.createSimpleHttpClient(CreateSimpleHttpClient.java:108)
	at ballerina.http.1_0_0.client_endpoint.createSimpleHttpClient(client_endpoint.bal:314)
	at ballerina.http.1_0_0.$value$HttpClient.init(http_client.bal:38)
	at ballerina.http.1_0_0.$value$HttpClient.call(http_client.bal)
	at ballerina.http.1_0_0.$value$HttpClient.$init$(http_client.bal:25)
	at ballerina.http.1_0_0.$value$HttpClient.call(http_client.bal)
	at ballerina.http.1_0_0.http_client.createClient(http_client.bal:252)
	at ballerina.http.1_0_0.http_secure_client.createHttpSecureClient(http_secure_client.bal:275)
	at ballerina.http.1_0_0.$value$HttpCachingClient.init(caching/http_caching_client.bal:46)
	at ballerina.http.1_0_0.$value$HttpCachingClient.call(caching/http_caching_client.bal)
	at ballerina.http.1_0_0.$value$HttpCachingClient.$init$(caching/http_caching_client.bal:29)
	at ballerina.http.1_0_0.$value$HttpCachingClient.call(caching/http_caching_client.bal)
	at ballerina.http.1_0_0.caching.http_caching_client.createHttpCachingClient(caching/http_caching_client.bal:277)
	at ballerina.http.1_0_0.client_endpoint.createDefaultClient(client_endpoint.bal:578)
	at ballerina.http.1_0_0.client_endpoint.createCookieClient(client_endpoint.bal:573)
	at ballerina.http.1_0_0.client_endpoint.checkForRetry(client_endpoint.bal:478)
	at ballerina.http.1_0_0.client_endpoint.initialize(client_endpoint.bal:448)
	at ballerina.http.1_0_0.$value$Client.init(client_endpoint.bal:57)
	at ballerina.http.1_0_0.$value$Client.call(client_endpoint.bal)
	at ballerina.http.1_0_0.$value$Client.$init$(client_endpoint.bal:35)
	at ballerina.http.1_0_0.$value$Client.call(client_endpoint.bal)
	at ballerina.oauth2.1_0_0.outbound_oauth2_provider.doRequest(outbound_oauth2_provider.bal:601)
	at ballerina.oauth2.1_0_0.outbound_oauth2_provider.getAccessTokenFromRefreshRequest(outbound_oauth2_provider.bal:587)
	at ballerina.oauth2.1_0_0.outbound_oauth2_provider.getOAuth2TokenForDirectTokenMode(outbound_oauth2_provider.bal:407)
	at ballerina.oauth2.1_0_0.outbound_oauth2_provider.inspectAuthTokenForOAuth2(outbound_oauth2_provider.bal:302)
	at ballerina.oauth2.1_0_0.$value$OutboundOAuth2Provider.inspect(outbound_oauth2_provider.bal:122)
	at ballerina.oauth2.1_0_0.$value$OutboundOAuth2Provider.call(outbound_oauth2_provider.bal)
	at ballerina.http.1_0_0.$value$BearerAuthHandler.inspect(auth/bearer_auth_handler.bal:96)
	at ballerina.http.1_0_0.$value$BearerAuthHandler.call(auth/bearer_auth_handler.bal)
	at ballerina.http.1_0_0.http_secure_client.doInspection(http_secure_client.bal:304)
	at ballerina.http.1_0_0.$value$HttpSecureClient.get(http_secure_client.bal:168)
	at ballerina.http.1_0_0.$value$HttpSecureClient.call(http_secure_client.bal)
	at ballerina.http.1_0_0.caching.http_caching_client.sendNewRequest(caching/http_caching_client.bal:376)
	at ballerina.http.1_0_0.caching.http_caching_client.getCachedResponse(caching/http_caching_client.bal:336)
	at ballerina.http.1_0_0.$value$HttpCachingClient.get(caching/http_caching_client.bal:176)
	at ballerina.http.1_0_0.$value$HttpCachingClient.call(caching/http_caching_client.bal)
	at ballerina.http.1_0_0.$value$Client.get(client_endpoint.bal:164)
	at ballerina.http.1_0_0.$value$Client.call(client_endpoint.bal)
	at lakshitha.calenderConnector.0_1_0.$value$CalService.getUserProfile(googleCalenderConn.bal:37)
	at lakshitha.calenderConnector.0_1_0.$value$CalService.call(googleCalenderConn.bal)
	at lakshitha.calenderConnector.0_1_0.tests.googleCalenderConn_test.testFunction(tests/googleCalenderConn_test.bal:14)
	at sun.reflect.NativeMethodAccessorImpl.invoke0(Native Method)
	at sun.reflect.NativeMethodAccessorImpl.invoke(NativeMethodAccessorImpl.java:62)
	at sun.reflect.DelegatingMethodAccessorImpl.invoke(DelegatingMethodAccessorImpl.java:43)
	at java.lang.reflect.Method.invoke(Method.java:498)
	at org.ballerinalang.test.runtime.entity.TesterinaFunction.lambda$runOnSchedule$0(TesterinaFunction.java:109)
	at org.ballerinalang.jvm.scheduling.SchedulerItem.execute(Scheduler.java:500)
	at org.ballerinalang.jvm.scheduling.Scheduler.run(Scheduler.java:276)
	at org.ballerinalang.jvm.scheduling.Scheduler.runSafely(Scheduler.java:244)
	at org.ballerinalang.jvm.scheduling.Scheduler.start(Scheduler.java:231)
	at org.ballerinalang.test.runtime.entity.TesterinaFunction.runOnSchedule(TesterinaFunction.java:118)
	... 11 more
 
[2020-10-15 03:24:58,756] SEVERE {b7a.log.crash} - org.wso2.ballerinalang.compiler.tree.expressions.BLangTypedescExpr cannot be cast to org.wso2.ballerinalang.compiler.tree.expressions.BLangVariableReference 
java.lang.ClassCastException: org.wso2.ballerinalang.compiler.tree.expressions.BLangTypedescExpr cannot be cast to org.wso2.ballerinalang.compiler.tree.expressions.BLangVariableReference
	at org.wso2.ballerinalang.compiler.semantics.analyzer.TypeChecker.visit(TypeChecker.java:2587)
	at org.wso2.ballerinalang.compiler.tree.expressions.BLangIndexBasedAccess.accept(BLangIndexBasedAccess.java:56)
	at org.wso2.ballerinalang.compiler.semantics.analyzer.TypeChecker.checkExpr(TypeChecker.java:361)
	at org.wso2.ballerinalang.compiler.semantics.analyzer.TypeChecker.checkExpr(TypeChecker.java:340)
	at org.wso2.ballerinalang.compiler.semantics.analyzer.TypeChecker.checkExpr(TypeChecker.java:336)
	at org.wso2.ballerinalang.compiler.semantics.analyzer.TypeChecker.visit(TypeChecker.java:3466)
	at org.wso2.ballerinalang.compiler.tree.expressions.BLangBinaryExpr.accept(BLangBinaryExpr.java:60)
	at org.wso2.ballerinalang.compiler.semantics.analyzer.TypeChecker.checkExpr(TypeChecker.java:361)
	at org.wso2.ballerinalang.compiler.semantics.analyzer.TypeChecker.checkExpr(TypeChecker.java:340)
	at org.wso2.ballerinalang.compiler.semantics.analyzer.TypeChecker.checkMappingField(TypeChecker.java:5604)
	at org.wso2.ballerinalang.compiler.semantics.analyzer.TypeChecker.validateSpecifiedFields(TypeChecker.java:1910)
	at org.wso2.ballerinalang.compiler.semantics.analyzer.TypeChecker.checkMappingConstructorCompatibility(TypeChecker.java:1798)
	at org.wso2.ballerinalang.compiler.semantics.analyzer.TypeChecker.visit(TypeChecker.java:1582)
	at org.wso2.ballerinalang.compiler.tree.expressions.BLangRecordLiteral.accept(BLangRecordLiteral.java:72)
	at org.wso2.ballerinalang.compiler.semantics.analyzer.TypeChecker.checkExpr(TypeChecker.java:361)
	at org.wso2.ballerinalang.compiler.semantics.analyzer.TypeChecker.checkExpr(TypeChecker.java:340)
	at org.wso2.ballerinalang.compiler.semantics.analyzer.TypeChecker.checkMappingField(TypeChecker.java:5604)
	at org.wso2.ballerinalang.compiler.semantics.analyzer.TypeChecker.validateSpecifiedFields(TypeChecker.java:1910)
	at org.wso2.ballerinalang.compiler.semantics.analyzer.TypeChecker.checkMappingConstructorCompatibility(TypeChecker.java:1787)
	at org.wso2.ballerinalang.compiler.semantics.analyzer.TypeChecker.checkMappingConstructorCompatibility(TypeChecker.java:1746)
	at org.wso2.ballerinalang.compiler.semantics.analyzer.TypeChecker.visit(TypeChecker.java:1582)
	at org.wso2.ballerinalang.compiler.tree.expressions.BLangRecordLiteral.accept(BLangRecordLiteral.java:72)
	at org.wso2.ballerinalang.compiler.semantics.analyzer.TypeChecker.checkExpr(TypeChecker.java:361)
	at org.wso2.ballerinalang.compiler.semantics.analyzer.TypeChecker.checkExpr(TypeChecker.java:340)
	at org.wso2.ballerinalang.compiler.semantics.analyzer.TypeChecker.checkTypeParamExpr(TypeChecker.java:5425)
	at org.wso2.ballerinalang.compiler.semantics.analyzer.TypeChecker.checkTypeParamExpr(TypeChecker.java:5418)
	at org.wso2.ballerinalang.compiler.semantics.analyzer.TypeChecker.checkInvocationArgs(TypeChecker.java:5210)
	at org.wso2.ballerinalang.compiler.semantics.analyzer.TypeChecker.checkInvocationParam(TypeChecker.java:5170)
	at org.wso2.ballerinalang.compiler.semantics.analyzer.TypeChecker.visit(TypeChecker.java:2911)
	at org.wso2.ballerinalang.compiler.tree.expressions.BLangTypeInit.accept(BLangTypeInit.java:62)
	at org.wso2.ballerinalang.compiler.semantics.analyzer.TypeChecker.checkExpr(TypeChecker.java:361)
	at org.wso2.ballerinalang.compiler.semantics.analyzer.TypeChecker.checkExpr(TypeChecker.java:340)
	at org.wso2.ballerinalang.compiler.semantics.analyzer.SemanticAnalyzer.visit(SemanticAnalyzer.java:663)
	at org.wso2.ballerinalang.compiler.tree.BLangSimpleVariable.accept(BLangSimpleVariable.java:53)
	at org.wso2.ballerinalang.compiler.semantics.analyzer.SemanticAnalyzer.analyzeNode(SemanticAnalyzer.java:2791)
	at org.wso2.ballerinalang.compiler.semantics.analyzer.SemanticAnalyzer.analyzeNode(SemanticAnalyzer.java:2759)
	at org.wso2.ballerinalang.compiler.semantics.analyzer.SemanticAnalyzer.analyzeDef(SemanticAnalyzer.java:2751)
	at org.wso2.ballerinalang.compiler.semantics.analyzer.SemanticAnalyzer.visit(SemanticAnalyzer.java:1678)
	at org.wso2.ballerinalang.compiler.tree.statements.BLangSimpleVariableDef.accept(BLangSimpleVariableDef.java:46)
	at org.wso2.ballerinalang.compiler.semantics.analyzer.SemanticAnalyzer.analyzeNode(SemanticAnalyzer.java:2791)
	at org.wso2.ballerinalang.compiler.semantics.analyzer.SemanticAnalyzer.analyzeNode(SemanticAnalyzer.java:2759)
	at org.wso2.ballerinalang.compiler.semantics.analyzer.SemanticAnalyzer.analyzeStmt(SemanticAnalyzer.java:2755)
	at org.wso2.ballerinalang.compiler.semantics.analyzer.SemanticAnalyzer.visit(SemanticAnalyzer.java:374)
	at org.wso2.ballerinalang.compiler.tree.BLangBlockFunctionBody.accept(BLangBlockFunctionBody.java:58)
	at org.wso2.ballerinalang.compiler.semantics.analyzer.SemanticAnalyzer.analyzeNode(SemanticAnalyzer.java:2791)
	at org.wso2.ballerinalang.compiler.semantics.analyzer.SemanticAnalyzer.visit(SemanticAnalyzer.java:346)
	at org.wso2.ballerinalang.compiler.tree.BLangFunction.accept(BLangFunction.java:73)
	at org.wso2.ballerinalang.compiler.semantics.analyzer.SemanticAnalyzer.analyzeNode(SemanticAnalyzer.java:2791)
	at org.wso2.ballerinalang.compiler.semantics.analyzer.SemanticAnalyzer.analyzeNode(SemanticAnalyzer.java:2759)
	at org.wso2.ballerinalang.compiler.semantics.analyzer.SemanticAnalyzer.analyzeDef(SemanticAnalyzer.java:2751)
	at org.wso2.ballerinalang.compiler.semantics.analyzer.SemanticAnalyzer.analyzerClassInitMethod(SemanticAnalyzer.java:465)
	at org.wso2.ballerinalang.compiler.semantics.analyzer.SemanticAnalyzer.analyzeClassDefinition(SemanticAnalyzer.java:445)
	at org.wso2.ballerinalang.compiler.semantics.analyzer.SemanticAnalyzer.visit(SemanticAnalyzer.java:423)
	at org.wso2.ballerinalang.compiler.tree.BLangClassDefinition.accept(BLangClassDefinition.java:106)
	at org.wso2.ballerinalang.compiler.semantics.analyzer.SemanticAnalyzer.analyzeNode(SemanticAnalyzer.java:2791)
	at org.wso2.ballerinalang.compiler.semantics.analyzer.SemanticAnalyzer.analyzeNode(SemanticAnalyzer.java:2759)
	at org.wso2.ballerinalang.compiler.semantics.analyzer.SemanticAnalyzer.analyzeDef(SemanticAnalyzer.java:2751)
	at org.wso2.ballerinalang.compiler.semantics.analyzer.SemanticAnalyzer.visit(SemanticAnalyzer.java:269)
	at org.wso2.ballerinalang.compiler.tree.BLangPackage.accept(BLangPackage.java:158)
	at org.wso2.ballerinalang.compiler.semantics.analyzer.SemanticAnalyzer.analyze(SemanticAnalyzer.java:243)
	at org.wso2.ballerinalang.compiler.CompilerDriver.typeCheck(CompilerDriver.java:329)
	at org.wso2.ballerinalang.compiler.CompilerDriver.compile(CompilerDriver.java:258)
	at org.wso2.ballerinalang.compiler.CompilerDriver.compilePackageSymbol(CompilerDriver.java:250)
	at org.wso2.ballerinalang.compiler.CompilerDriver.compilePackage(CompilerDriver.java:142)
	at org.wso2.ballerinalang.compiler.Compiler.compilePackages(Compiler.java:176)
	at org.wso2.ballerinalang.compiler.Compiler.compilePackage(Compiler.java:220)
	at org.wso2.ballerinalang.compiler.Compiler.compile(Compiler.java:101)
	at org.wso2.ballerinalang.compiler.Compiler.build(Compiler.java:109)
	at org.ballerinalang.packerina.task.CompileTask.execute(CompileTask.java:65)
	at org.ballerinalang.packerina.TaskExecutor.executeTasks(TaskExecutor.java:38)
	at org.ballerinalang.packerina.cmd.TestCommand.execute(TestCommand.java:434)
	at java.util.Optional.ifPresent(Optional.java:159)
	at org.ballerinalang.tool.Main.main(Main.java:57)
 
[2020-10-15 03:25:28,863] SEVERE {b7a.log.crash} - org.wso2.ballerinalang.compiler.tree.expressions.BLangTypedescExpr cannot be cast to org.wso2.ballerinalang.compiler.tree.expressions.BLangVariableReference 
java.lang.ClassCastException: org.wso2.ballerinalang.compiler.tree.expressions.BLangTypedescExpr cannot be cast to org.wso2.ballerinalang.compiler.tree.expressions.BLangVariableReference
	at org.wso2.ballerinalang.compiler.semantics.analyzer.TypeChecker.visit(TypeChecker.java:2587)
	at org.wso2.ballerinalang.compiler.tree.expressions.BLangIndexBasedAccess.accept(BLangIndexBasedAccess.java:56)
	at org.wso2.ballerinalang.compiler.semantics.analyzer.TypeChecker.checkExpr(TypeChecker.java:361)
	at org.wso2.ballerinalang.compiler.semantics.analyzer.TypeChecker.checkExpr(TypeChecker.java:340)
	at org.wso2.ballerinalang.compiler.semantics.analyzer.TypeChecker.visit(TypeChecker.java:2649)
	at org.wso2.ballerinalang.compiler.tree.expressions.BLangInvocation.accept(BLangInvocation.java:115)
	at org.wso2.ballerinalang.compiler.semantics.analyzer.TypeChecker.checkExpr(TypeChecker.java:361)
	at org.wso2.ballerinalang.compiler.semantics.analyzer.TypeChecker.checkExpr(TypeChecker.java:340)
	at org.wso2.ballerinalang.compiler.semantics.analyzer.TypeChecker.checkMappingField(TypeChecker.java:5604)
	at org.wso2.ballerinalang.compiler.semantics.analyzer.TypeChecker.validateSpecifiedFields(TypeChecker.java:1910)
	at org.wso2.ballerinalang.compiler.semantics.analyzer.TypeChecker.checkMappingConstructorCompatibility(TypeChecker.java:1798)
	at org.wso2.ballerinalang.compiler.semantics.analyzer.TypeChecker.visit(TypeChecker.java:1582)
	at org.wso2.ballerinalang.compiler.tree.expressions.BLangRecordLiteral.accept(BLangRecordLiteral.java:72)
	at org.wso2.ballerinalang.compiler.semantics.analyzer.TypeChecker.checkExpr(TypeChecker.java:361)
	at org.wso2.ballerinalang.compiler.semantics.analyzer.TypeChecker.checkExpr(TypeChecker.java:340)
	at org.wso2.ballerinalang.compiler.semantics.analyzer.TypeChecker.checkMappingField(TypeChecker.java:5604)
	at org.wso2.ballerinalang.compiler.semantics.analyzer.TypeChecker.validateSpecifiedFields(TypeChecker.java:1910)
	at org.wso2.ballerinalang.compiler.semantics.analyzer.TypeChecker.checkMappingConstructorCompatibility(TypeChecker.java:1787)
	at org.wso2.ballerinalang.compiler.semantics.analyzer.TypeChecker.checkMappingConstructorCompatibility(TypeChecker.java:1746)
	at org.wso2.ballerinalang.compiler.semantics.analyzer.TypeChecker.visit(TypeChecker.java:1582)
	at org.wso2.ballerinalang.compiler.tree.expressions.BLangRecordLiteral.accept(BLangRecordLiteral.java:72)
	at org.wso2.ballerinalang.compiler.semantics.analyzer.TypeChecker.checkExpr(TypeChecker.java:361)
	at org.wso2.ballerinalang.compiler.semantics.analyzer.TypeChecker.checkExpr(TypeChecker.java:340)
	at org.wso2.ballerinalang.compiler.semantics.analyzer.TypeChecker.checkTypeParamExpr(TypeChecker.java:5425)
	at org.wso2.ballerinalang.compiler.semantics.analyzer.TypeChecker.checkTypeParamExpr(TypeChecker.java:5418)
	at org.wso2.ballerinalang.compiler.semantics.analyzer.TypeChecker.checkInvocationArgs(TypeChecker.java:5210)
	at org.wso2.ballerinalang.compiler.semantics.analyzer.TypeChecker.checkInvocationParam(TypeChecker.java:5170)
	at org.wso2.ballerinalang.compiler.semantics.analyzer.TypeChecker.visit(TypeChecker.java:2911)
	at org.wso2.ballerinalang.compiler.tree.expressions.BLangTypeInit.accept(BLangTypeInit.java:62)
	at org.wso2.ballerinalang.compiler.semantics.analyzer.TypeChecker.checkExpr(TypeChecker.java:361)
	at org.wso2.ballerinalang.compiler.semantics.analyzer.TypeChecker.checkExpr(TypeChecker.java:340)
	at org.wso2.ballerinalang.compiler.semantics.analyzer.SemanticAnalyzer.visit(SemanticAnalyzer.java:663)
	at org.wso2.ballerinalang.compiler.tree.BLangSimpleVariable.accept(BLangSimpleVariable.java:53)
	at org.wso2.ballerinalang.compiler.semantics.analyzer.SemanticAnalyzer.analyzeNode(SemanticAnalyzer.java:2791)
	at org.wso2.ballerinalang.compiler.semantics.analyzer.SemanticAnalyzer.analyzeNode(SemanticAnalyzer.java:2759)
	at org.wso2.ballerinalang.compiler.semantics.analyzer.SemanticAnalyzer.analyzeDef(SemanticAnalyzer.java:2751)
	at org.wso2.ballerinalang.compiler.semantics.analyzer.SemanticAnalyzer.visit(SemanticAnalyzer.java:1678)
	at org.wso2.ballerinalang.compiler.tree.statements.BLangSimpleVariableDef.accept(BLangSimpleVariableDef.java:46)
	at org.wso2.ballerinalang.compiler.semantics.analyzer.SemanticAnalyzer.analyzeNode(SemanticAnalyzer.java:2791)
	at org.wso2.ballerinalang.compiler.semantics.analyzer.SemanticAnalyzer.analyzeNode(SemanticAnalyzer.java:2759)
	at org.wso2.ballerinalang.compiler.semantics.analyzer.SemanticAnalyzer.analyzeStmt(SemanticAnalyzer.java:2755)
	at org.wso2.ballerinalang.compiler.semantics.analyzer.SemanticAnalyzer.visit(SemanticAnalyzer.java:374)
	at org.wso2.ballerinalang.compiler.tree.BLangBlockFunctionBody.accept(BLangBlockFunctionBody.java:58)
	at org.wso2.ballerinalang.compiler.semantics.analyzer.SemanticAnalyzer.analyzeNode(SemanticAnalyzer.java:2791)
	at org.wso2.ballerinalang.compiler.semantics.analyzer.SemanticAnalyzer.visit(SemanticAnalyzer.java:346)
	at org.wso2.ballerinalang.compiler.tree.BLangFunction.accept(BLangFunction.java:73)
	at org.wso2.ballerinalang.compiler.semantics.analyzer.SemanticAnalyzer.analyzeNode(SemanticAnalyzer.java:2791)
	at org.wso2.ballerinalang.compiler.semantics.analyzer.SemanticAnalyzer.analyzeNode(SemanticAnalyzer.java:2759)
	at org.wso2.ballerinalang.compiler.semantics.analyzer.SemanticAnalyzer.analyzeDef(SemanticAnalyzer.java:2751)
	at org.wso2.ballerinalang.compiler.semantics.analyzer.SemanticAnalyzer.analyzerClassInitMethod(SemanticAnalyzer.java:465)
	at org.wso2.ballerinalang.compiler.semantics.analyzer.SemanticAnalyzer.analyzeClassDefinition(SemanticAnalyzer.java:445)
	at org.wso2.ballerinalang.compiler.semantics.analyzer.SemanticAnalyzer.visit(SemanticAnalyzer.java:423)
	at org.wso2.ballerinalang.compiler.tree.BLangClassDefinition.accept(BLangClassDefinition.java:106)
	at org.wso2.ballerinalang.compiler.semantics.analyzer.SemanticAnalyzer.analyzeNode(SemanticAnalyzer.java:2791)
	at org.wso2.ballerinalang.compiler.semantics.analyzer.SemanticAnalyzer.analyzeNode(SemanticAnalyzer.java:2759)
	at org.wso2.ballerinalang.compiler.semantics.analyzer.SemanticAnalyzer.analyzeDef(SemanticAnalyzer.java:2751)
	at org.wso2.ballerinalang.compiler.semantics.analyzer.SemanticAnalyzer.visit(SemanticAnalyzer.java:269)
	at org.wso2.ballerinalang.compiler.tree.BLangPackage.accept(BLangPackage.java:158)
	at org.wso2.ballerinalang.compiler.semantics.analyzer.SemanticAnalyzer.analyze(SemanticAnalyzer.java:243)
	at org.wso2.ballerinalang.compiler.CompilerDriver.typeCheck(CompilerDriver.java:329)
	at org.wso2.ballerinalang.compiler.CompilerDriver.compile(CompilerDriver.java:258)
	at org.wso2.ballerinalang.compiler.CompilerDriver.compilePackageSymbol(CompilerDriver.java:250)
	at org.wso2.ballerinalang.compiler.CompilerDriver.compilePackage(CompilerDriver.java:142)
	at org.wso2.ballerinalang.compiler.Compiler.compilePackages(Compiler.java:176)
	at org.wso2.ballerinalang.compiler.Compiler.compilePackage(Compiler.java:220)
	at org.wso2.ballerinalang.compiler.Compiler.compile(Compiler.java:101)
	at org.wso2.ballerinalang.compiler.Compiler.build(Compiler.java:109)
	at org.ballerinalang.packerina.task.CompileTask.execute(CompileTask.java:65)
	at org.ballerinalang.packerina.TaskExecutor.executeTasks(TaskExecutor.java:38)
	at org.ballerinalang.packerina.cmd.TestCommand.execute(TestCommand.java:434)
	at java.util.Optional.ifPresent(Optional.java:159)
	at org.ballerinalang.tool.Main.main(Main.java:57)
 
[2020-10-15 03:32:38,801] SEVERE {b7a.log.crash} - there are test failures 
java.lang.RuntimeException: there are test failures
	at org.ballerinalang.test.runtime.util.TesterinaUtils.executeTests(TesterinaUtils.java:77)
	at org.ballerinalang.test.runtime.Main.startTestSuit(Main.java:60)
	at org.ballerinalang.test.runtime.Main.main(Main.java:52)
 
[2020-10-15 09:38:34,592] SEVERE {b7a.log.crash} - there are test failures 
java.lang.RuntimeException: there are test failures
	at org.ballerinalang.test.runtime.util.TesterinaUtils.executeTests(TesterinaUtils.java:77)
	at org.ballerinalang.test.runtime.Main.startTestSuit(Main.java:60)
	at org.ballerinalang.test.runtime.Main.main(Main.java:52)
 
[2020-10-15 09:39:34,250] SEVERE {b7a.log.crash} - there are test failures 
java.lang.RuntimeException: there are test failures
	at org.ballerinalang.test.runtime.util.TesterinaUtils.executeTests(TesterinaUtils.java:77)
	at org.ballerinalang.test.runtime.Main.startTestSuit(Main.java:60)
	at org.ballerinalang.test.runtime.Main.main(Main.java:52)
 
[2020-10-15 10:09:49,938] SEVERE {b7a.log.crash} - there are test failures 
java.lang.RuntimeException: there are test failures
	at org.ballerinalang.test.runtime.util.TesterinaUtils.executeTests(TesterinaUtils.java:77)
	at org.ballerinalang.test.runtime.Main.startTestSuit(Main.java:60)
	at org.ballerinalang.test.runtime.Main.main(Main.java:52)
 
[2020-10-15 10:15:33,072] SEVERE {b7a.log.crash} - there are test failures 
java.lang.RuntimeException: there are test failures
	at org.ballerinalang.test.runtime.util.TesterinaUtils.executeTests(TesterinaUtils.java:77)
	at org.ballerinalang.test.runtime.Main.startTestSuit(Main.java:60)
	at org.ballerinalang.test.runtime.Main.main(Main.java:52)
 
[2020-10-15 10:16:23,913] SEVERE {b7a.log.crash} - there are test failures 
java.lang.RuntimeException: there are test failures
	at org.ballerinalang.test.runtime.util.TesterinaUtils.executeTests(TesterinaUtils.java:77)
	at org.ballerinalang.test.runtime.Main.startTestSuit(Main.java:60)
	at org.ballerinalang.test.runtime.Main.main(Main.java:52)
 
